Connecting to database specified by database.yml


Started GET "/assets/rails.png" for 127.0.0.1 at 2013-06-23 15:05:28 -0400
Served asset /rails.png - 200 OK (117ms)


Started GET "/assets/rails.png" for 127.0.0.1 at 2013-06-23 15:07:47 -0400
Served asset /rails.png - 304 Not Modified (0ms)
Connecting to database specified by database.yml
Connecting to database specified by database.yml
Connecting to database specified by database.yml
  [1m[36m (0.1ms)[0m  [1mselect sqlite_version(*)[0m
  [1m[35m (1.1ms)[0m  CREATE TABLE "schema_migrations" ("version" varchar(255) NOT NULL) 
  [1m[36m (1.0ms)[0m  [1mCREATE UNIQUE INDEX "unique_schema_migrations" ON "schema_migrations" ("version")[0m
  [1m[35m (1.2ms)[0m  SELECT "schema_migrations"."version" FROM "schema_migrations" 
Migrating to CreateSentences (20130623191258)
  [1m[36m (0.0ms)[0m  [1mbegin transaction[0m
  [1m[35m (0.6ms)[0m  CREATE TABLE "sentences" ("id" INTEGER PRIMARY KEY AUTOINCREMENT NOT NULL, "name" varchar(255), "twitterhandle" varchar(255), "email" varchar(255) DEFAULT '' NOT NULL, "advice" text(140), "created_at" datetime NOT NULL, "updated_at" datetime NOT NULL) 
  [1m[36m (0.1ms)[0m  [1mINSERT INTO "schema_migrations" ("version") VALUES ('20130623191258')[0m
  [1m[35m (0.7ms)[0m  commit transaction
  [1m[36m (0.1ms)[0m  [1mSELECT "schema_migrations"."version" FROM "schema_migrations" [0m
Connecting to database specified by database.yml


Started GET "/" for 127.0.0.1 at 2013-06-23 15:36:12 -0400

ActionController::RoutingError (No route matches [GET] "/"):
  actionpack (3.2.13) lib/action_dispatch/middleware/debug_exceptions.rb:21:in `call'
  actionpack (3.2.13) lib/action_dispatch/middleware/show_exceptions.rb:56:in `call'
  railties (3.2.13) lib/rails/rack/logger.rb:32:in `call_app'
  railties (3.2.13) lib/rails/rack/logger.rb:16:in `block in call'
  activesupport (3.2.13) lib/active_support/tagged_logging.rb:22:in `tagged'
  railties (3.2.13) lib/rails/rack/logger.rb:16:in `call'
  actionpack (3.2.13) lib/action_dispatch/middleware/request_id.rb:22:in `call'
  rack (1.4.5) lib/rack/methodoverride.rb:21:in `call'
  rack (1.4.5) lib/rack/runtime.rb:17:in `call'
  activesupport (3.2.13) lib/active_support/cache/strategy/local_cache.rb:72:in `call'
  rack (1.4.5) lib/rack/lock.rb:15:in `call'
  actionpack (3.2.13) lib/action_dispatch/middleware/static.rb:63:in `call'
  railties (3.2.13) lib/rails/engine.rb:479:in `call'
  railties (3.2.13) lib/rails/application.rb:223:in `call'
  rack (1.4.5) lib/rack/content_length.rb:14:in `call'
  railties (3.2.13) lib/rails/rack/log_tailer.rb:17:in `call'
  rack (1.4.5) lib/rack/handler/webrick.rb:59:in `service'
  /usr/local/rvm/rubies/ruby-1.9.3-p392/lib/ruby/1.9.1/webrick/httpserver.rb:138:in `service'
  /usr/local/rvm/rubies/ruby-1.9.3-p392/lib/ruby/1.9.1/webrick/httpserver.rb:94:in `run'
  /usr/local/rvm/rubies/ruby-1.9.3-p392/lib/ruby/1.9.1/webrick/server.rb:191:in `block in start_thread'


  Rendered /usr/local/rvm/gems/ruby-1.9.3-p392/gems/actionpack-3.2.13/lib/action_dispatch/middleware/templates/rescues/routing_error.erb within rescues/layout (3.6ms)


Started GET "/" for 127.0.0.1 at 2013-06-23 15:37:02 -0400

ActionController::RoutingError (uninitialized constant SentenceController):
  activesupport (3.2.13) lib/active_support/inflector/methods.rb:230:in `block in constantize'
  activesupport (3.2.13) lib/active_support/inflector/methods.rb:229:in `each'
  activesupport (3.2.13) lib/active_support/inflector/methods.rb:229:in `constantize'
  actionpack (3.2.13) lib/action_dispatch/routing/route_set.rb:69:in `controller_reference'
  actionpack (3.2.13) lib/action_dispatch/routing/route_set.rb:54:in `controller'
  actionpack (3.2.13) lib/action_dispatch/routing/route_set.rb:32:in `call'
  journey (1.0.4) lib/journey/router.rb:68:in `block in call'
  journey (1.0.4) lib/journey/router.rb:56:in `each'
  journey (1.0.4) lib/journey/router.rb:56:in `call'
  actionpack (3.2.13) lib/action_dispatch/routing/route_set.rb:612:in `call'
  actionpack (3.2.13) lib/action_dispatch/middleware/best_standards_support.rb:17:in `call'
  rack (1.4.5) lib/rack/etag.rb:23:in `call'
  rack (1.4.5) lib/rack/conditionalget.rb:25:in `call'
  actionpack (3.2.13) lib/action_dispatch/middleware/head.rb:14:in `call'
  actionpack (3.2.13) lib/action_dispatch/middleware/params_parser.rb:21:in `call'
  actionpack (3.2.13) lib/action_dispatch/middleware/flash.rb:242:in `call'
  rack (1.4.5) lib/rack/session/abstract/id.rb:210:in `context'
  rack (1.4.5) lib/rack/session/abstract/id.rb:205:in `call'
  actionpack (3.2.13) lib/action_dispatch/middleware/cookies.rb:341:in `call'
  activerecord (3.2.13) lib/active_record/query_cache.rb:64:in `call'
  activerecord (3.2.13) lib/active_record/connection_adapters/abstract/connection_pool.rb:479:in `call'
  actionpack (3.2.13) lib/action_dispatch/middleware/callbacks.rb:28:in `block in call'
  activesupport (3.2.13) lib/active_support/callbacks.rb:405:in `_run__3421847488192191213__call__1186083578955253150__callbacks'
  activesupport (3.2.13) lib/active_support/callbacks.rb:405:in `__run_callback'
  activesupport (3.2.13) lib/active_support/callbacks.rb:385:in `_run_call_callbacks'
  activesupport (3.2.13) lib/active_support/callbacks.rb:81:in `run_callbacks'
  actionpack (3.2.13) lib/action_dispatch/middleware/callbacks.rb:27:in `call'
  actionpack (3.2.13) lib/action_dispatch/middleware/reloader.rb:65:in `call'
  actionpack (3.2.13) lib/action_dispatch/middleware/remote_ip.rb:31:in `call'
  actionpack (3.2.13) lib/action_dispatch/middleware/debug_exceptions.rb:16:in `call'
  actionpack (3.2.13) lib/action_dispatch/middleware/show_exceptions.rb:56:in `call'
  railties (3.2.13) lib/rails/rack/logger.rb:32:in `call_app'
  railties (3.2.13) lib/rails/rack/logger.rb:16:in `block in call'
  activesupport (3.2.13) lib/active_support/tagged_logging.rb:22:in `tagged'
  railties (3.2.13) lib/rails/rack/logger.rb:16:in `call'
  actionpack (3.2.13) lib/action_dispatch/middleware/request_id.rb:22:in `call'
  rack (1.4.5) lib/rack/methodoverride.rb:21:in `call'
  rack (1.4.5) lib/rack/runtime.rb:17:in `call'
  activesupport (3.2.13) lib/active_support/cache/strategy/local_cache.rb:72:in `call'
  rack (1.4.5) lib/rack/lock.rb:15:in `call'
  actionpack (3.2.13) lib/action_dispatch/middleware/static.rb:63:in `call'
  railties (3.2.13) lib/rails/engine.rb:479:in `call'
  railties (3.2.13) lib/rails/application.rb:223:in `call'
  rack (1.4.5) lib/rack/content_length.rb:14:in `call'
  railties (3.2.13) lib/rails/rack/log_tailer.rb:17:in `call'
  rack (1.4.5) lib/rack/handler/webrick.rb:59:in `service'
  /usr/local/rvm/rubies/ruby-1.9.3-p392/lib/ruby/1.9.1/webrick/httpserver.rb:138:in `service'
  /usr/local/rvm/rubies/ruby-1.9.3-p392/lib/ruby/1.9.1/webrick/httpserver.rb:94:in `run'
  /usr/local/rvm/rubies/ruby-1.9.3-p392/lib/ruby/1.9.1/webrick/server.rb:191:in `block in start_thread'


  Rendered /usr/local/rvm/gems/ruby-1.9.3-p392/gems/actionpack-3.2.13/lib/action_dispatch/middleware/templates/rescues/routing_error.erb within rescues/layout (0.4ms)
Connecting to database specified by database.yml
Connecting to database specified by database.yml


Started GET "/" for 127.0.0.1 at 2013-06-23 15:48:00 -0400
Processing by SentenceController#index as HTML
  Rendered sentence/index.html.erb within layouts/application (15.3ms)
Compiled sentence.css  (38ms)  (pid 2694)
Compiled application.css  (44ms)  (pid 2694)
Compiled jquery.js  (1ms)  (pid 2694)
Compiled jquery_ujs.js  (0ms)  (pid 2694)
Compiled sentence.js  (377ms)  (pid 2694)
Compiled application.js  (477ms)  (pid 2694)
Completed 200 OK in 638ms (Views: 637.7ms | ActiveRecord: 0.0ms)


Started GET "/assets/application.css?body=1" for 127.0.0.1 at 2013-06-23 15:48:00 -0400
Served asset /application.css - 304 Not Modified (8ms)


Started GET "/assets/jquery.js?body=1" for 127.0.0.1 at 2013-06-23 15:48:00 -0400
Served asset /jquery.js - 200 OK (3ms)


Started GET "/assets/sentence.css?body=1" for 127.0.0.1 at 2013-06-23 15:48:00 -0400
Served asset /sentence.css - 200 OK (1ms)


Started GET "/assets/application.js?body=1" for 127.0.0.1 at 2013-06-23 15:48:00 -0400
Served asset /application.js - 304 Not Modified (26ms)


Started GET "/assets/sentence.js?body=1" for 127.0.0.1 at 2013-06-23 15:48:00 -0400
Served asset /sentence.js - 200 OK (1ms)


Started GET "/assets/jquery_ujs.js?body=1" for 127.0.0.1 at 2013-06-23 15:48:00 -0400
Served asset /jquery_ujs.js - 200 OK (1ms)


Started GET "/" for 127.0.0.1 at 2013-06-23 15:48:24 -0400
Processing by SentenceController#index as HTML
  Rendered sentence/index.html.erb within layouts/application (0.0ms)
Completed 200 OK in 8ms (Views: 7.5ms | ActiveRecord: 0.0ms)


Started GET "/assets/sentence.css?body=1" for 127.0.0.1 at 2013-06-23 15:48:24 -0400
Served asset /sentence.css - 304 Not Modified (0ms)


Started GET "/assets/jquery.js?body=1" for 127.0.0.1 at 2013-06-23 15:48:24 -0400
Served asset /jquery.js - 304 Not Modified (0ms)


Started GET "/assets/application.css?body=1" for 127.0.0.1 at 2013-06-23 15:48:24 -0400
Served asset /application.css - 304 Not Modified (0ms)


Started GET "/assets/jquery_ujs.js?body=1" for 127.0.0.1 at 2013-06-23 15:48:24 -0400
Served asset /jquery_ujs.js - 304 Not Modified (0ms)


Started GET "/assets/sentence.js?body=1" for 127.0.0.1 at 2013-06-23 15:48:24 -0400
Served asset /sentence.js - 304 Not Modified (0ms)


Started GET "/assets/application.js?body=1" for 127.0.0.1 at 2013-06-23 15:48:24 -0400
Served asset /application.js - 304 Not Modified (0ms)


Started GET "/" for 127.0.0.1 at 2013-06-23 15:50:46 -0400
Processing by SentenceController#index as HTML
  [1m[36mSentence Load (0.1ms)[0m  [1mSELECT "sentences".* FROM "sentences" [0m
  Rendered sentence/index.html.erb within layouts/application (0.4ms)
Completed 200 OK in 71ms (Views: 7.3ms | ActiveRecord: 2.0ms)


Started GET "/assets/application.css?body=1" for 127.0.0.1 at 2013-06-23 15:50:46 -0400
Served asset /application.css - 304 Not Modified (0ms)


Started GET "/assets/sentence.css?body=1" for 127.0.0.1 at 2013-06-23 15:50:46 -0400
Served asset /sentence.css - 304 Not Modified (0ms)


Started GET "/assets/jquery_ujs.js?body=1" for 127.0.0.1 at 2013-06-23 15:50:46 -0400
Served asset /jquery_ujs.js - 304 Not Modified (0ms)


Started GET "/assets/sentence.js?body=1" for 127.0.0.1 at 2013-06-23 15:50:46 -0400
Served asset /sentence.js - 304 Not Modified (0ms)


Started GET "/assets/jquery.js?body=1" for 127.0.0.1 at 2013-06-23 15:50:46 -0400
Served asset /jquery.js - 304 Not Modified (0ms)


Started GET "/assets/application.js?body=1" for 127.0.0.1 at 2013-06-23 15:50:46 -0400
Served asset /application.js - 304 Not Modified (0ms)


Started GET "/" for 127.0.0.1 at 2013-06-23 15:51:13 -0400
Processing by SentenceController#index as HTML
  [1m[35mSentence Load (0.2ms)[0m  SELECT "sentences".* FROM "sentences" 
  Rendered sentence/index.html.erb within layouts/application (0.4ms)
Completed 200 OK in 25ms (Views: 24.0ms | ActiveRecord: 0.2ms)


Started GET "/assets/application.css?body=1" for 127.0.0.1 at 2013-06-23 15:51:13 -0400
Served asset /application.css - 304 Not Modified (0ms)


Started GET "/assets/sentence.css?body=1" for 127.0.0.1 at 2013-06-23 15:51:13 -0400
Served asset /sentence.css - 304 Not Modified (0ms)


Started GET "/assets/jquery.js?body=1" for 127.0.0.1 at 2013-06-23 15:51:13 -0400
Served asset /jquery.js - 304 Not Modified (0ms)


Started GET "/assets/sentence.js?body=1" for 127.0.0.1 at 2013-06-23 15:51:13 -0400
Served asset /sentence.js - 304 Not Modified (0ms)


Started GET "/assets/jquery_ujs.js?body=1" for 127.0.0.1 at 2013-06-23 15:51:13 -0400
Served asset /jquery_ujs.js - 304 Not Modified (0ms)


Started GET "/assets/application.js?body=1" for 127.0.0.1 at 2013-06-23 15:51:13 -0400
Served asset /application.js - 304 Not Modified (0ms)


Started GET "/" for 127.0.0.1 at 2013-06-23 15:51:19 -0400
Processing by SentenceController#index as HTML
  [1m[36mSentence Load (0.2ms)[0m  [1mSELECT "sentences".* FROM "sentences" [0m
  Rendered sentence/index.html.erb within layouts/application (0.4ms)
Completed 200 OK in 7ms (Views: 6.4ms | ActiveRecord: 0.2ms)


Started GET "/assets/application.css?body=1" for 127.0.0.1 at 2013-06-23 15:51:19 -0400
Served asset /application.css - 304 Not Modified (0ms)


Started GET "/assets/sentence.js?body=1" for 127.0.0.1 at 2013-06-23 15:51:19 -0400
Served asset /sentence.js - 304 Not Modified (0ms)


Started GET "/assets/sentence.css?body=1" for 127.0.0.1 at 2013-06-23 15:51:19 -0400
Served asset /sentence.css - 304 Not Modified (0ms)


Started GET "/assets/jquery_ujs.js?body=1" for 127.0.0.1 at 2013-06-23 15:51:19 -0400
Served asset /jquery_ujs.js - 304 Not Modified (0ms)


Started GET "/assets/application.js?body=1" for 127.0.0.1 at 2013-06-23 15:51:19 -0400
Served asset /application.js - 304 Not Modified (0ms)


Started GET "/assets/jquery.js?body=1" for 127.0.0.1 at 2013-06-23 15:51:19 -0400
Served asset /jquery.js - 304 Not Modified (0ms)


Started GET "/" for 127.0.0.1 at 2013-06-23 16:12:02 -0400
Processing by SentenceController#index as HTML
  [1m[35mSentence Load (0.2ms)[0m  SELECT "sentences".* FROM "sentences" 
  Rendered sentence/index.html.erb within layouts/application (0.1ms)
Completed 200 OK in 56ms (Views: 55.7ms | ActiveRecord: 0.2ms)


Started GET "/assets/application.css?body=1" for 127.0.0.1 at 2013-06-23 16:12:02 -0400
Served asset /application.css - 304 Not Modified (0ms)


Started GET "/assets/sentence.css?body=1" for 127.0.0.1 at 2013-06-23 16:12:02 -0400
Served asset /sentence.css - 304 Not Modified (0ms)


Started GET "/assets/jquery_ujs.js?body=1" for 127.0.0.1 at 2013-06-23 16:12:02 -0400
Served asset /jquery_ujs.js - 304 Not Modified (0ms)


Started GET "/assets/application.js?body=1" for 127.0.0.1 at 2013-06-23 16:12:02 -0400
Served asset /application.js - 304 Not Modified (0ms)


Started GET "/assets/sentence.js?body=1" for 127.0.0.1 at 2013-06-23 16:12:02 -0400
Served asset /sentence.js - 304 Not Modified (0ms)


Started GET "/assets/jquery.js?body=1" for 127.0.0.1 at 2013-06-23 16:12:02 -0400
Served asset /jquery.js - 304 Not Modified (0ms)


Started GET "/" for 127.0.0.1 at 2013-06-23 16:16:38 -0400
Processing by SentenceController#index as HTML
  [1m[36mSentence Load (0.1ms)[0m  [1mSELECT "sentences".* FROM "sentences" [0m
  Rendered sentence/index.html.erb within layouts/application (0.1ms)
Completed 200 OK in 47ms (Views: 46.7ms | ActiveRecord: 0.1ms)


Started GET "/assets/sentence.css?body=1" for 127.0.0.1 at 2013-06-23 16:16:38 -0400
Served asset /sentence.css - 304 Not Modified (0ms)


Started GET "/assets/application.css?body=1" for 127.0.0.1 at 2013-06-23 16:16:38 -0400
Served asset /application.css - 304 Not Modified (0ms)


Started GET "/assets/jquery.js?body=1" for 127.0.0.1 at 2013-06-23 16:16:38 -0400
Served asset /jquery.js - 304 Not Modified (0ms)


Started GET "/assets/jquery_ujs.js?body=1" for 127.0.0.1 at 2013-06-23 16:16:38 -0400
Served asset /jquery_ujs.js - 304 Not Modified (0ms)


Started GET "/assets/sentence.js?body=1" for 127.0.0.1 at 2013-06-23 16:16:38 -0400
Served asset /sentence.js - 304 Not Modified (0ms)


Started GET "/assets/application.js?body=1" for 127.0.0.1 at 2013-06-23 16:16:38 -0400
Served asset /application.js - 304 Not Modified (0ms)


Started GET "/" for 127.0.0.1 at 2013-06-23 16:16:50 -0400
Processing by SentenceController#index as HTML
  [1m[35mSentence Load (0.2ms)[0m  SELECT "sentences".* FROM "sentences" 
  Rendered sentence/index.html.erb within layouts/application (0.1ms)
Completed 200 OK in 20ms (Views: 19.2ms | ActiveRecord: 0.2ms)


Started GET "/assets/sentence.css?body=1" for 127.0.0.1 at 2013-06-23 16:16:50 -0400
Served asset /sentence.css - 304 Not Modified (0ms)


Started GET "/assets/application.css?body=1" for 127.0.0.1 at 2013-06-23 16:16:50 -0400
Served asset /application.css - 304 Not Modified (0ms)


Started GET "/assets/jquery.js?body=1" for 127.0.0.1 at 2013-06-23 16:16:50 -0400
Served asset /jquery.js - 304 Not Modified (0ms)


Started GET "/assets/sentence.js?body=1" for 127.0.0.1 at 2013-06-23 16:16:50 -0400
Served asset /sentence.js - 304 Not Modified (0ms)


Started GET "/assets/application.js?body=1" for 127.0.0.1 at 2013-06-23 16:16:50 -0400
Served asset /application.js - 304 Not Modified (0ms)


Started GET "/assets/jquery_ujs.js?body=1" for 127.0.0.1 at 2013-06-23 16:16:50 -0400
Served asset /jquery_ujs.js - 304 Not Modified (0ms)


Started GET "/" for 127.0.0.1 at 2013-06-23 16:20:04 -0400
Processing by SentenceController#index as HTML
  [1m[36mSentence Load (0.2ms)[0m  [1mSELECT "sentences".* FROM "sentences" [0m
  Rendered sentence/index.html.erb within layouts/application (0.1ms)
Completed 200 OK in 8ms (Views: 7.2ms | ActiveRecord: 0.2ms)


Started GET "/assets/sentence.css?body=1" for 127.0.0.1 at 2013-06-23 16:20:04 -0400
Served asset /sentence.css - 304 Not Modified (0ms)


Started GET "/assets/application.css?body=1" for 127.0.0.1 at 2013-06-23 16:20:04 -0400
Served asset /application.css - 304 Not Modified (0ms)


Started GET "/assets/sentence.js?body=1" for 127.0.0.1 at 2013-06-23 16:20:04 -0400
Served asset /sentence.js - 304 Not Modified (0ms)


Started GET "/assets/jquery_ujs.js?body=1" for 127.0.0.1 at 2013-06-23 16:20:04 -0400
Served asset /jquery_ujs.js - 304 Not Modified (0ms)


Started GET "/assets/jquery.js?body=1" for 127.0.0.1 at 2013-06-23 16:20:04 -0400
Served asset /jquery.js - 304 Not Modified (0ms)


Started GET "/assets/application.js?body=1" for 127.0.0.1 at 2013-06-23 16:20:04 -0400
Served asset /application.js - 304 Not Modified (0ms)
Connecting to database specified by database.yml
Connecting to database specified by database.yml


Started GET "/" for 127.0.0.1 at 2013-06-23 16:21:25 -0400
Processing by SentenceController#index as HTML
  [1m[36mSentence Load (0.1ms)[0m  [1mSELECT "sentences".* FROM "sentences" [0m
  Rendered sentence/index.html.erb within layouts/application (2.9ms)
Completed 200 OK in 121ms (Views: 79.9ms | ActiveRecord: 1.8ms)


Started GET "/assets/sentence.css?body=1" for 127.0.0.1 at 2013-06-23 16:21:25 -0400
Served asset /sentence.css - 304 Not Modified (19ms)


Started GET "/assets/application.css?body=1" for 127.0.0.1 at 2013-06-23 16:21:25 -0400
Served asset /application.css - 304 Not Modified (3ms)


Started GET "/assets/jquery_ujs.js?body=1" for 127.0.0.1 at 2013-06-23 16:21:25 -0400
Served asset /jquery_ujs.js - 304 Not Modified (1ms)


Started GET "/assets/application.js?body=1" for 127.0.0.1 at 2013-06-23 16:21:25 -0400
Served asset /application.js - 304 Not Modified (3ms)


Started GET "/assets/sentence.js?body=1" for 127.0.0.1 at 2013-06-23 16:21:25 -0400
Served asset /sentence.js - 304 Not Modified (1ms)


Started GET "/assets/jquery.js?body=1" for 127.0.0.1 at 2013-06-23 16:21:25 -0400
Served asset /jquery.js - 304 Not Modified (1ms)


Started GET "/" for 127.0.0.1 at 2013-06-23 16:22:39 -0400
Processing by SentenceController#index as HTML
  [1m[35mSentence Load (0.1ms)[0m  SELECT "sentences".* FROM "sentences" 
  Rendered sentence/index.html.erb within layouts/application (0.1ms)
Completed 200 OK in 8ms (Views: 7.0ms | ActiveRecord: 0.1ms)


Started GET "/assets/application.css?body=1" for 127.0.0.1 at 2013-06-23 16:22:39 -0400
Served asset /application.css - 304 Not Modified (0ms)


Started GET "/assets/sentence.js?body=1" for 127.0.0.1 at 2013-06-23 16:22:39 -0400
Served asset /sentence.js - 304 Not Modified (0ms)


Started GET "/assets/jquery_ujs.js?body=1" for 127.0.0.1 at 2013-06-23 16:22:39 -0400
Served asset /jquery_ujs.js - 304 Not Modified (0ms)


Started GET "/assets/jquery.js?body=1" for 127.0.0.1 at 2013-06-23 16:22:39 -0400
Served asset /jquery.js - 304 Not Modified (0ms)


Started GET "/assets/sentence.css?body=1" for 127.0.0.1 at 2013-06-23 16:22:39 -0400
Served asset /sentence.css - 304 Not Modified (0ms)


Started GET "/assets/application.js?body=1" for 127.0.0.1 at 2013-06-23 16:22:39 -0400
Served asset /application.js - 304 Not Modified (0ms)


Started GET "/" for 127.0.0.1 at 2013-06-23 16:27:48 -0400
Processing by SentenceController#index as HTML
  [1m[36mSentence Load (0.1ms)[0m  [1mSELECT "sentences".* FROM "sentences" [0m
  Rendered sentence/index.html.erb within layouts/application (0.1ms)
Completed 200 OK in 19ms (Views: 18.9ms | ActiveRecord: 0.1ms)


Started GET "/assets/sentence.css?body=1" for 127.0.0.1 at 2013-06-23 16:27:48 -0400
Served asset /sentence.css - 304 Not Modified (0ms)


Started GET "/assets/application.css?body=1" for 127.0.0.1 at 2013-06-23 16:27:48 -0400
Served asset /application.css - 304 Not Modified (0ms)


Started GET "/assets/jquery.js?body=1" for 127.0.0.1 at 2013-06-23 16:27:48 -0400
Served asset /jquery.js - 304 Not Modified (0ms)


Started GET "/assets/jquery_ujs.js?body=1" for 127.0.0.1 at 2013-06-23 16:27:48 -0400
Served asset /jquery_ujs.js - 304 Not Modified (0ms)


Started GET "/assets/application.js?body=1" for 127.0.0.1 at 2013-06-23 16:27:48 -0400
Served asset /application.js - 304 Not Modified (0ms)


Started GET "/assets/sentence.js?body=1" for 127.0.0.1 at 2013-06-23 16:27:48 -0400
Served asset /sentence.js - 304 Not Modified (0ms)
Connecting to database specified by database.yml


Started GET "/" for 127.0.0.1 at 2013-06-23 16:28:06 -0400
Processing by SentenceController#index as HTML
  [1m[36mSentence Load (0.1ms)[0m  [1mSELECT "sentences".* FROM "sentences" [0m
  Rendered sentence/index.html.erb within layouts/application (2.0ms)
Completed 200 OK in 58ms (Views: 38.4ms | ActiveRecord: 1.6ms)


Started GET "/assets/sentence.css?body=1" for 127.0.0.1 at 2013-06-23 16:28:06 -0400
Served asset /sentence.css - 304 Not Modified (1ms)


Started GET "/assets/application.css?body=1" for 127.0.0.1 at 2013-06-23 16:28:06 -0400
Served asset /application.css - 304 Not Modified (3ms)


Started GET "/assets/sentence.js?body=1" for 127.0.0.1 at 2013-06-23 16:28:06 -0400
Served asset /sentence.js - 304 Not Modified (1ms)


Started GET "/assets/jquery_ujs.js?body=1" for 127.0.0.1 at 2013-06-23 16:28:06 -0400
Served asset /jquery_ujs.js - 304 Not Modified (1ms)


Started GET "/assets/application.js?body=1" for 127.0.0.1 at 2013-06-23 16:28:06 -0400
Served asset /application.js - 304 Not Modified (3ms)


Started GET "/assets/jquery.js?body=1" for 127.0.0.1 at 2013-06-23 16:28:06 -0400
Served asset /jquery.js - 304 Not Modified (1ms)


Started GET "/" for 127.0.0.1 at 2013-06-23 16:28:53 -0400
Processing by SentenceController#index as HTML
  [1m[35mSentence Load (0.1ms)[0m  SELECT "sentences".* FROM "sentences" 
  Rendered sentence/index.html.erb within layouts/application (0.1ms)
Completed 200 OK in 8ms (Views: 7.1ms | ActiveRecord: 0.1ms)


Started GET "/assets/application.css?body=1" for 127.0.0.1 at 2013-06-23 16:28:53 -0400
Served asset /application.css - 304 Not Modified (0ms)


Started GET "/assets/sentence.css?body=1" for 127.0.0.1 at 2013-06-23 16:28:53 -0400
Served asset /sentence.css - 304 Not Modified (0ms)


Started GET "/assets/jquery.js?body=1" for 127.0.0.1 at 2013-06-23 16:28:53 -0400
Served asset /jquery.js - 304 Not Modified (0ms)


Started GET "/assets/jquery_ujs.js?body=1" for 127.0.0.1 at 2013-06-23 16:28:53 -0400
Served asset /jquery_ujs.js - 304 Not Modified (0ms)


Started GET "/assets/sentence.js?body=1" for 127.0.0.1 at 2013-06-23 16:28:53 -0400
Served asset /sentence.js - 304 Not Modified (0ms)


Started GET "/assets/application.js?body=1" for 127.0.0.1 at 2013-06-23 16:28:53 -0400
Served asset /application.js - 304 Not Modified (0ms)


Started GET "/" for 127.0.0.1 at 2013-06-23 16:29:51 -0400
Processing by SentenceController#index as HTML
  [1m[36mSentence Load (0.1ms)[0m  [1mSELECT "sentences".* FROM "sentences" [0m
  Rendered sentence/index.html.erb within layouts/application (0.4ms)
Completed 200 OK in 22ms (Views: 21.1ms | ActiveRecord: 0.1ms)


Started GET "/assets/application.css?body=1" for 127.0.0.1 at 2013-06-23 16:29:51 -0400
Served asset /application.css - 304 Not Modified (0ms)


Started GET "/assets/jquery.js?body=1" for 127.0.0.1 at 2013-06-23 16:29:51 -0400
Served asset /jquery.js - 304 Not Modified (0ms)


Started GET "/assets/sentence.js?body=1" for 127.0.0.1 at 2013-06-23 16:29:51 -0400
Served asset /sentence.js - 304 Not Modified (0ms)


Started GET "/assets/application.js?body=1" for 127.0.0.1 at 2013-06-23 16:29:51 -0400
Served asset /application.js - 304 Not Modified (0ms)


Started GET "/assets/jquery_ujs.js?body=1" for 127.0.0.1 at 2013-06-23 16:29:51 -0400
Served asset /jquery_ujs.js - 304 Not Modified (0ms)


Started GET "/assets/sentence.css?body=1" for 127.0.0.1 at 2013-06-23 16:29:51 -0400
Served asset /sentence.css - 304 Not Modified (0ms)


Started GET "/" for 127.0.0.1 at 2013-06-23 16:31:09 -0400
Processing by SentenceController#index as HTML
  [1m[35mSentence Load (0.1ms)[0m  SELECT "sentences".* FROM "sentences" 
  Rendered sentence/index.html.erb within layouts/application (0.4ms)
Completed 200 OK in 9ms (Views: 8.6ms | ActiveRecord: 0.1ms)


Started GET "/assets/application.css?body=1" for 127.0.0.1 at 2013-06-23 16:31:09 -0400
Served asset /application.css - 304 Not Modified (0ms)


Started GET "/assets/sentence.css?body=1" for 127.0.0.1 at 2013-06-23 16:31:09 -0400
Served asset /sentence.css - 304 Not Modified (0ms)


Started GET "/assets/jquery_ujs.js?body=1" for 127.0.0.1 at 2013-06-23 16:31:09 -0400
Served asset /jquery_ujs.js - 304 Not Modified (0ms)


Started GET "/assets/sentence.js?body=1" for 127.0.0.1 at 2013-06-23 16:31:09 -0400
Served asset /sentence.js - 304 Not Modified (0ms)


Started GET "/assets/jquery.js?body=1" for 127.0.0.1 at 2013-06-23 16:31:09 -0400
Served asset /jquery.js - 304 Not Modified (0ms)


Started GET "/assets/application.js?body=1" for 127.0.0.1 at 2013-06-23 16:31:09 -0400
Served asset /application.js - 304 Not Modified (0ms)


Started GET "/" for 127.0.0.1 at 2013-06-23 16:32:07 -0400
Processing by SentenceController#index as HTML
  [1m[36mSentence Load (0.2ms)[0m  [1mSELECT "sentences".* FROM "sentences" [0m
  Rendered sentence/index.html.erb within layouts/application (0.1ms)
Compiled styles.css  (1819ms)  (pid 3051)
Compiled application.css  (1827ms)  (pid 3051)
Completed 200 OK in 1919ms (Views: 1917.4ms | ActiveRecord: 0.2ms)


Started GET "/assets/application.css?body=1" for 127.0.0.1 at 2013-06-23 16:32:09 -0400
Served asset /application.css - 304 Not Modified (14ms)


Started GET "/assets/styles.css?body=1" for 127.0.0.1 at 2013-06-23 16:32:09 -0400
Served asset /styles.css - 200 OK (4ms)


Started GET "/assets/jquery.js?body=1" for 127.0.0.1 at 2013-06-23 16:32:09 -0400
Served asset /jquery.js - 304 Not Modified (0ms)


Started GET "/assets/sentence.css?body=1" for 127.0.0.1 at 2013-06-23 16:32:09 -0400
Served asset /sentence.css - 304 Not Modified (0ms)


Started GET "/assets/jquery_ujs.js?body=1" for 127.0.0.1 at 2013-06-23 16:32:09 -0400
Served asset /jquery_ujs.js - 304 Not Modified (0ms)


Started GET "/assets/sentence.js?body=1" for 127.0.0.1 at 2013-06-23 16:32:09 -0400
Served asset /sentence.js - 304 Not Modified (0ms)


Started GET "/assets/application.js?body=1" for 127.0.0.1 at 2013-06-23 16:32:09 -0400
Served asset /application.js - 304 Not Modified (0ms)
